\BOOKMARK [0][-]{chapter.1}{Introducci\363n}{}% 1
\BOOKMARK [1][-]{section.1.1}{Presentaci\363n}{chapter.1}% 2
\BOOKMARK [2][-]{subsection.1.1.1}{Organizaci\363n}{section.1.1}% 3
\BOOKMARK [0][-]{chapter.2}{Antecedentes}{}% 4
\BOOKMARK [1][-]{section.2.1}{Contexto}{chapter.2}% 5
\BOOKMARK [1][-]{section.2.2}{Control de correspondencia}{chapter.2}% 6
\BOOKMARK [1][-]{section.2.3}{Problem\341tica}{chapter.2}% 7
\BOOKMARK [1][-]{section.2.4}{Objetivo del proyecto}{chapter.2}% 8
\BOOKMARK [2][-]{subsection.2.4.1}{Objetivos Espec\355ficos}{section.2.4}% 9
\BOOKMARK [1][-]{section.2.5}{Avances}{chapter.2}% 10
\BOOKMARK [1][-]{section.2.6}{Alcance del proyecto}{chapter.2}% 11
\BOOKMARK [2][-]{subsection.2.6.1}{Requetimientos Funcionales}{section.2.6}% 12
\BOOKMARK [2][-]{subsection.2.6.2}{Requerimientos No Funcionales}{section.2.6}% 13
\BOOKMARK [2][-]{subsection.2.6.3}{Reglas de Negocio}{section.2.6}% 14
\BOOKMARK [2][-]{subsection.2.6.4}{Proceso}{section.2.6}% 15
\BOOKMARK [2][-]{subsection.2.6.5}{Propiedades de Software}{section.2.6}% 16
\BOOKMARK [2][-]{subsection.2.6.6}{Plataforma}{section.2.6}% 17
\BOOKMARK [2][-]{subsection.2.6.7}{Interacci\363n con el Usuario}{section.2.6}% 18
\BOOKMARK [2][-]{subsection.2.6.8}{Modelo de Informaci\363n}{section.2.6}% 19
\BOOKMARK [0][-]{chapter.3}{Trabajo Realizado}{}% 20
\BOOKMARK [1][-]{section.3.1}{Pantallas de la aplicaci\363n}{chapter.3}% 21
\BOOKMARK [2][-]{subsection.3.1.1}{Pantalla de inicio de sesi\363n}{section.3.1}% 22
\BOOKMARK [2][-]{subsection.3.1.2}{Pantalla de p\341gina principal}{section.3.1}% 23
\BOOKMARK [2][-]{subsection.3.1.3}{Pantalla de oficios entrantes}{section.3.1}% 24
\BOOKMARK [2][-]{subsection.3.1.4}{Pantalla de datos del remitente de oficios entrantes}{section.3.1}% 25
\BOOKMARK [2][-]{subsection.3.1.5}{Pantalla de datos del emisor de oficios entrantes}{section.3.1}% 26
\BOOKMARK [2][-]{subsection.3.1.6}{Pantalla de configuraci\363n de oficios entrantes}{section.3.1}% 27
\BOOKMARK [2][-]{subsection.3.1.7}{Pantalla de registro de emisor de oficios entrantes}{section.3.1}% 28
\BOOKMARK [2][-]{subsection.3.1.8}{Pantalla de registro de cargo del emisor de oficios entrantes}{section.3.1}% 29
\BOOKMARK [2][-]{subsection.3.1.9}{Pantalla de registro de \341rea que emite de oficios entrantes}{section.3.1}% 30
\BOOKMARK [2][-]{subsection.3.1.10}{Pantalla de registro de dependencia que emite de oficios entrantes}{section.3.1}% 31
\BOOKMARK [2][-]{subsection.3.1.11}{Pantalla de oficios salientes}{section.3.1}% 32
\BOOKMARK [2][-]{subsection.3.1.12}{Pantalla de datos del destinatario de oficios salientes}{section.3.1}% 33
\BOOKMARK [2][-]{subsection.3.1.13}{Pantalla de datos del emisor de oficios entrantes}{section.3.1}% 34
\BOOKMARK [2][-]{subsection.3.1.14}{Pantalla de configuraci\363n de oficios entrantes}{section.3.1}% 35
\BOOKMARK [0][-]{chapter.4}{Resultados obtenidos}{}% 36
\BOOKMARK [1][-]{section.4.1}{Resultados Obtenidos}{chapter.4}% 37
\BOOKMARK [0][-]{chapter.5}{Conclusiones}{}% 38
\BOOKMARK [1][-]{section.5.1}{Conclusiones}{chapter.5}% 39
